0 info it worked if it ends with ok
1 verbose cli [ 'C:\\Program Files\\nodejs\\node.exe',
1 verbose cli   'C:\\Program Files\\nodejs\\node_modules\\npm\\bin\\npm-cli.js',
1 verbose cli   'start' ]
2 info using npm@3.10.10
3 info using node@v6.11.2
4 verbose run-script [ 'prestart', 'start', 'poststart' ]
5 info lifecycle angular-node-sql@0.0.0~prestart: angular-node-sql@0.0.0
6 silly lifecycle angular-node-sql@0.0.0~prestart: no script for prestart, continuing
7 info lifecycle angular-node-sql@0.0.0~start: angular-node-sql@0.0.0
8 verbose lifecycle angular-node-sql@0.0.0~start: unsafe-perm in lifecycle true
9 verbose lifecycle angular-node-sql@0.0.0~start: PATH: C:\Program Files\nodejs\node_modules\npm\bin\node-gyp-bin;D:\Angular\Angular2\Angular2NodeSQLServer\angular-node-sql\node_modules\.bin;C:\Ruby23-x64\bin;C:\ProgramData\Oracle\Java\javapath;C:\Windows\system32;C:\Windows;C:\Windows\System32\Wbem;C:\Windows\System32\WindowsPowerShell\v1.0\;C:\Program Files\TortoiseSVN\bin;C:\Program Files\Git\cmd;C:\Program Files (x86)\Microsoft SQL Server\110\Tools\Binn\;C:\Program Files\Microsoft SQL Server\110\Tools\Binn\;C:\Program Files\Microsoft SQL Server\110\DTS\Binn\;C:\Program Files (x86)\Microsoft SQL Server\110\Tools\Binn\ManagementStudio\;C:\Program Files (x86)\Microsoft SQL Server\110\DTS\Binn\;C:\Users\fwin01528\AppData\Roaming\nvm;C:\Program Files\nodejs;C:\Program Files\nodejs\;C:\Users\fwin01528\AppData\Local\atom\bin;C:\Users\fwin01528\AppData\Local\Android\sdk\platform-tools;C:\Users\fwin01528\AppData\Local\Android\sdk\tools;C:\Program Files\Microsoft VS Code\bin;C:\Users\fwin01528\AppData\Roaming\nvm;C:\Program Files\nodejs;C:\Users\fwin01528\AppData\Roaming\npm;C:\Program Files\Docker Toolbox;C:\Users\fwin01528\AppData\Local\GitHubDesktop\bin;C:\Program Files\Heroku\bin
10 verbose lifecycle angular-node-sql@0.0.0~start: CWD: D:\Angular\Angular2\Angular2NodeSQLServer\angular-node-sql
11 silly lifecycle angular-node-sql@0.0.0~start: Args: [ '/d /s /c', 'ng serve' ]
12 silly lifecycle angular-node-sql@0.0.0~start: Returned: code: 1  signal: null
13 info lifecycle angular-node-sql@0.0.0~start: Failed to exec start script
14 verbose stack Error: angular-node-sql@0.0.0 start: `ng serve`
14 verbose stack Exit status 1
14 verbose stack     at EventEmitter.<anonymous> (C:\Program Files\nodejs\node_modules\npm\lib\utils\lifecycle.js:255:16)
14 verbose stack     at emitTwo (events.js:106:13)
14 verbose stack     at EventEmitter.emit (events.js:191:7)
14 verbose stack     at ChildProcess.<anonymous> (C:\Program Files\nodejs\node_modules\npm\lib\utils\spawn.js:40:14)
14 verbose stack     at emitTwo (events.js:106:13)
14 verbose stack     at ChildProcess.emit (events.js:191:7)
14 verbose stack     at maybeClose (internal/child_process.js:891:16)
14 verbose stack     at Process.ChildProcess._handle.onexit (internal/child_process.js:226:5)
15 verbose pkgid angular-node-sql@0.0.0
16 verbose cwd D:\Angular\Angular2\Angular2NodeSQLServer\angular-node-sql
17 error Windows_NT 6.1.7601
18 error argv "C:\\Program Files\\nodejs\\node.exe" "C:\\Program Files\\nodejs\\node_modules\\npm\\bin\\npm-cli.js" "start"
19 error node v6.11.2
20 error npm  v3.10.10
21 error code ELIFECYCLE
22 error angular-node-sql@0.0.0 start: `ng serve`
22 error Exit status 1
23 error Failed at the angular-node-sql@0.0.0 start script 'ng serve'.
23 error Make sure you have the latest version of node.js and npm installed.
23 error If you do, this is most likely a problem with the angular-node-sql package,
23 error not with npm itself.
23 error Tell the author that this fails on your system:
23 error     ng serve
23 error You can get information on how to open an issue for this project with:
23 error     npm bugs angular-node-sql
23 error Or if that isn't available, you can get their info via:
23 error     npm owner ls angular-node-sql
23 error There is likely additional logging output above.
24 verbose exit [ 1, true ]
